TN:
SF:src/services/store.ts
FN:34,useDispatch
FNF:1
FNH:0
FNDA:0,useDispatch
DA:1,1
DA:2,1
DA:3,1
DA:4,1
DA:5,1
DA:6,1
DA:7,1
DA:8,1
DA:9,1
DA:10,1
DA:11,1
DA:12,1
DA:13,1
DA:14,1
DA:15,1
DA:16,1
DA:17,1
DA:18,1
DA:19,1
DA:20,1
DA:21,1
DA:22,1
DA:23,1
DA:24,1
DA:25,1
DA:26,1
DA:27,1
DA:28,1
DA:29,1
DA:30,1
DA:31,1
DA:32,1
DA:33,1
DA:34,1
DA:35,1
DA:36,1
DA:37,1
DA:38,1
DA:39,1
DA:40,1
LF:40
LH:40
BRF:0
BRH:0
end_of_record
TN:
SF:src/services/slices/burgerConstructorSlice.ts
FN:47,reducer
FN:58,prepare
FN:66,removeIngredient
FN:73,moveIngredient
FN:97,resetConstructor
FN:105,extraReducers
FN:138,getConstructorItems
FN:141,getOrderRequestStatus
FN:144,getOrderModalInfo
FN:147,getLoadingStatus
FN:150,getError
FNF:11
FNH:5
FNDA:7,reducer
FNDA:7,prepare
FNDA:1,removeIngredient
FNDA:2,moveIngredient
FNDA:0,resetConstructor
FNDA:2,extraReducers
FNDA:0,getConstructorItems
FNDA:0,getOrderRequestStatus
FNDA:0,getOrderModalInfo
FNDA:0,getLoadingStatus
FNDA:0,getError
DA:1,1
DA:2,1
DA:3,1
DA:4,1
DA:5,1
DA:6,1
DA:7,1
DA:8,1
DA:9,1
DA:10,1
DA:11,1
DA:12,1
DA:13,1
DA:14,1
DA:15,1
DA:16,1
DA:17,1
DA:18,1
DA:19,1
DA:20,1
DA:21,1
DA:22,1
DA:23,1
DA:24,1
DA:25,1
DA:26,1
DA:27,1
DA:28,1
DA:29,1
DA:30,1
DA:31,1
DA:32,1
DA:33,1
DA:34,1
DA:35,0
DA:36,0
DA:37,0
DA:38,1
DA:39,1
DA:40,1
DA:41,1
DA:42,1
DA:43,1
DA:44,1
DA:45,1
DA:46,1
DA:47,1
DA:48,7
DA:49,7
DA:50,7
DA:51,7
DA:52,1
DA:53,7
DA:54,6
DA:55,6
DA:56,6
DA:57,1
DA:58,1
DA:59,1
DA:60,1
DA:61,1
DA:62,1
DA:63,1
DA:64,1
DA:65,1
DA:66,1
DA:67,1
DA:68,1
DA:69,1
DA:70,1
DA:71,1
DA:72,1
DA:73,1
DA:74,2
DA:75,2
DA:76,2
DA:77,2
DA:78,2
DA:79,2
DA:80,2
DA:81,2
DA:82,2
DA:83,2
DA:84,2
DA:85,2
DA:86,1
DA:87,1
DA:88,1
DA:89,1
DA:90,1
DA:91,1
DA:92,1
DA:93,1
DA:94,1
DA:95,1
DA:96,1
DA:97,1
DA:98,0
DA:99,0
DA:100,0
DA:101,0
DA:102,0
DA:103,0
DA:104,1
DA:105,1
DA:106,2
DA:107,2
DA:108,0
DA:109,0
DA:110,0
DA:111,2
DA:112,2
DA:113,0
DA:114,0
DA:115,0
DA:116,0
DA:117,2
DA:118,2
DA:119,0
DA:120,0
DA:121,0
DA:122,0
DA:123,0
DA:124,0
DA:125,2
DA:126,2
DA:127,1
DA:128,1
DA:129,1
DA:130,1
DA:131,1
DA:132,1
DA:133,1
DA:134,1
DA:135,1
DA:136,1
DA:137,1
DA:138,1
DA:139,0
DA:140,1
DA:141,1
DA:142,0
DA:143,1
DA:144,1
DA:145,0
DA:146,1
DA:147,1
DA:148,0
DA:149,1
DA:150,1
DA:151,1
DA:152,1
LF:152
LH:126
BRDA:47,0,0,7
BRDA:51,1,0,1
BRDA:53,2,0,6
BRDA:58,3,0,7
BRDA:66,4,0,1
BRDA:69,5,0,2
BRDA:73,6,0,2
BRDA:85,7,0,1
BRDA:105,8,0,2
BRF:9
BRH:9
end_of_record
TN:
SF:src/services/slices/feedSlice.ts
FN:52,clearselectedModalOrder
FN:56,extraReducers
FN:98,selectOrders
FN:101,selectselectedModalOrder
FN:105,selectTotalOrders
FN:108,selectTotalOrdersToday
FN:112,selectIsLoading
FN:115,selectError
FNF:8
FNH:2
FNDA:1,clearselectedModalOrder
FNDA:2,extraReducers
FNDA:0,selectOrders
FNDA:0,selectselectedModalOrder
FNDA:0,selectTotalOrders
FNDA:0,selectTotalOrdersToday
FNDA:0,selectIsLoading
FNDA:0,selectError
DA:1,1
DA:2,1
DA:3,1
DA:4,1
DA:5,1
DA:6,1
DA:7,1
DA:8,1
DA:9,1
DA:10,1
DA:11,1
DA:12,1
DA:13,1
DA:14,1
DA:15,1
DA:16,1
DA:17,1
DA:18,1
DA:19,1
DA:20,1
DA:21,1
DA:22,1
DA:23,1
DA:24,1
DA:25,1
DA:26,1
DA:27,1
DA:28,1
DA:29,1
DA:30,1
DA:31,1
DA:32,1
DA:33,1
DA:34,1
DA:35,1
DA:36,1
DA:37,1
DA:38,1
DA:39,1
DA:40,1
DA:41,0
DA:42,0
DA:43,0
DA:44,1
DA:45,1
DA:46,1
DA:47,1
DA:48,1
DA:49,1
DA:50,1
DA:51,1
DA:52,1
DA:53,1
DA:54,1
DA:55,1
DA:56,1
DA:57,2
DA:58,2
DA:59,2
DA:60,1
DA:61,1
DA:62,2
DA:63,2
DA:64,1
DA:65,1
DA:66,1
DA:67,1
DA:68,2
DA:69,2
DA:70,1
DA:71,1
DA:72,2
DA:73,2
DA:74,2
DA:75,1
DA:76,1
DA:77,2
DA:78,2
DA:79,2
DA:80,2
DA:81,1
DA:82,1
DA:83,1
DA:84,2
DA:85,2
DA:86,1
DA:87,1
DA:88,2
DA:89,2
DA:90,1
DA:91,1
DA:92,1
DA:93,1
DA:94,1
DA:95,1
DA:96,1
DA:97,1
DA:98,1
DA:99,1
DA:100,1
DA:101,1
DA:102,0
DA:103,1
DA:104,1
DA:105,1
DA:106,1
DA:107,1
DA:108,1
DA:109,0
DA:110,1
DA:111,1
DA:112,1
DA:113,1
DA:114,1
DA:115,1
DA:116,1
DA:117,1
LF:117
LH:112
BRDA:52,0,0,1
BRDA:56,1,0,2
BRDA:59,2,0,1
BRDA:63,3,0,1
BRDA:69,4,0,1
BRDA:71,5,0,0
BRDA:74,6,0,1
BRDA:80,7,0,1
BRDA:85,8,0,1
BRDA:87,9,0,0
BRF:10
BRH:8
end_of_record
TN:
SF:src/services/slices/ingredientsSlice.ts
FN:39,extraReducers
FN:66,selectIngredients
FN:69,selectLoading
FN:72,selectError
FNF:4
FNH:1
FNDA:2,extraReducers
FNDA:0,selectIngredients
FNDA:0,selectLoading
FNDA:0,selectError
DA:1,1
DA:2,1
DA:3,1
DA:4,1
DA:5,1
DA:6,1
DA:7,1
DA:8,1
DA:9,1
DA:10,1
DA:11,1
DA:12,1
DA:13,1
DA:14,1
DA:15,1
DA:16,1
DA:17,1
DA:18,1
DA:19,1
DA:20,1
DA:21,1
DA:22,1
DA:23,1
DA:24,0
DA:25,0
DA:26,0
DA:27,0
DA:28,0
DA:29,0
DA:30,0
DA:31,0
DA:32,1
DA:33,1
DA:34,1
DA:35,1
DA:36,1
DA:37,1
DA:38,1
DA:39,1
DA:40,2
DA:41,2
DA:42,2
DA:43,1
DA:44,1
DA:45,2
DA:46,2
DA:47,2
DA:48,2
DA:49,2
DA:50,1
DA:51,1
DA:52,1
DA:53,2
DA:54,2
DA:55,2
DA:56,1
DA:57,1
DA:58,1
DA:59,2
DA:60,2
DA:61,1
DA:62,1
DA:63,1
DA:64,1
DA:65,1
DA:66,1
DA:67,1
DA:68,1
DA:69,1
DA:70,1
DA:71,1
DA:72,1
DA:73,1
DA:74,1
DA:75,1
LF:75
LH:67
BRDA:39,0,0,2
BRDA:42,1,0,1
BRDA:49,2,0,1
BRDA:55,3,0,1
BRF:4
BRH:4
end_of_record
TN:
SF:src/services/slices/userSlice.ts
FN:47,authChecked
FN:51,extraReducers
FN:220,selectUser
FN:221,selectUserOrders
FN:222,selectIsLoading
FN:223,selectOrdersLoading
FN:225,selectError
FN:226,selectOrdersError
FN:227,selectIsAuth
FN:228,selectIsAuthChecked
FNF:10
FNH:2
FNDA:2,authChecked
FNDA:3,extraReducers
FNDA:0,selectUser
FNDA:0,selectUserOrders
FNDA:0,selectIsLoading
FNDA:0,selectOrdersLoading
FNDA:0,selectError
FNDA:0,selectOrdersError
FNDA:0,selectIsAuth
FNDA:0,selectIsAuthChecked
DA:1,1
DA:2,1
DA:3,1
DA:4,1
DA:5,1
DA:6,1
DA:7,1
DA:8,1
DA:9,1
DA:10,1
DA:11,1
DA:12,1
DA:13,1
DA:14,1
DA:15,1
DA:16,1
DA:17,1
DA:18,1
DA:19,1
DA:20,1
DA:21,1
DA:22,1
DA:23,1
DA:24,1
DA:25,1
DA:26,1
DA:27,1
DA:28,1
DA:29,1
DA:30,1
DA:31,1
DA:32,1
DA:33,1
DA:34,1
DA:35,1
DA:36,1
DA:37,1
DA:38,1
DA:39,1
DA:40,1
DA:41,1
DA:42,1
DA:43,1
DA:44,1
DA:45,1
DA:46,1
DA:47,1
DA:48,2
DA:49,2
DA:50,1
DA:51,1
DA:52,3
DA:53,3
DA:54,3
DA:55,2
DA:56,2
DA:57,2
DA:58,3
DA:59,3
DA:60,2
DA:61,2
DA:62,3
DA:63,3
DA:64,2
DA:65,2
DA:66,2
DA:67,2
DA:68,3
DA:69,3
DA:70,3
DA:71,3
DA:72,2
DA:73,2
DA:74,3
DA:75,3
DA:76,2
DA:77,2
DA:78,2
DA:79,2
DA:80,3
DA:81,3
DA:82,2
DA:83,2
DA:84,2
DA:85,3
DA:86,3
DA:87,3
DA:88,3
DA:89,2
DA:90,2
DA:91,2
DA:92,2
DA:93,2
DA:94,3
DA:95,3
DA:96,2
DA:97,2
DA:98,2
DA:99,2
DA:100,2
DA:101,3
DA:102,3
DA:103,2
DA:104,2
DA:105,2
DA:106,2
DA:107,2
DA:108,2
DA:109,3
DA:110,3
DA:111,3
DA:112,3
DA:113,2
DA:114,2
DA:115,2
DA:116,2
DA:117,3
DA:118,3
DA:119,2
DA:120,2
DA:121,2
DA:122,2
DA:123,3
DA:124,3
DA:125,2
DA:126,2
DA:127,2
DA:128,2
DA:129,3
DA:130,3
DA:131,3
DA:132,3
DA:133,2
DA:134,2
DA:135,2
DA:136,2
DA:137,3
DA:138,3
DA:139,2
DA:140,2
DA:141,2
DA:142,2
DA:143,3
DA:144,3
DA:145,2
DA:146,2
DA:147,2
DA:148,3
DA:149,3
DA:150,3
DA:151,3
DA:152,0
DA:153,0
DA:154,0
DA:155,0
DA:156,3
DA:157,3
DA:158,2
DA:159,2
DA:160,2
DA:161,2
DA:162,2
DA:163,3
DA:164,3
DA:165,2
DA:166,2
DA:167,2
DA:168,2
DA:169,3
DA:170,3
DA:171,3
DA:172,3
DA:173,2
DA:174,2
DA:175,3
DA:176,3
DA:177,2
DA:178,2
DA:179,3
DA:180,3
DA:181,2
DA:182,2
DA:183,3
DA:184,3
DA:185,3
DA:186,3
DA:187,2
DA:188,2
DA:189,3
DA:190,3
DA:191,2
DA:192,2
DA:193,3
DA:194,3
DA:195,2
DA:196,2
DA:197,3
DA:198,3
DA:199,3
DA:200,3
DA:201,2
DA:202,2
DA:203,3
DA:204,3
DA:205,2
DA:206,2
DA:207,2
DA:208,3
DA:209,3
DA:210,2
DA:211,2
DA:212,3
DA:213,3
DA:214,1
DA:215,1
DA:216,1
DA:217,1
DA:218,1
DA:219,1
DA:220,1
DA:221,1
DA:222,1
DA:223,1
DA:224,0
DA:225,1
DA:226,1
DA:227,1
DA:228,1
DA:229,0
DA:230,1
DA:231,1
LF:231
LH:225
BRDA:47,0,0,2
BRDA:51,1,0,3
BRDA:54,2,0,2
BRDA:59,3,0,2
BRDA:63,4,0,2
BRDA:67,5,0,0
BRDA:71,6,0,2
BRDA:75,7,0,2
BRDA:81,8,0,2
BRDA:82,9,0,0
BRDA:88,10,0,2
BRDA:95,11,0,2
BRDA:102,12,0,2
BRDA:108,13,0,0
BRDA:112,14,0,2
BRDA:118,15,0,2
BRDA:124,16,0,2
BRDA:128,17,0,0
BRDA:132,18,0,2
BRDA:138,19,0,2
BRDA:144,20,0,2
BRDA:147,21,0,0
BRDA:157,22,0,2
BRDA:164,23,0,2
BRDA:168,24,0,0
BRDA:172,25,0,2
BRDA:176,26,0,2
BRDA:180,27,0,2
BRDA:182,28,0,0
BRDA:186,29,0,2
BRDA:190,30,0,2
BRDA:194,31,0,2
BRDA:196,32,0,0
BRDA:200,33,0,2
BRDA:204,34,0,2
BRDA:209,35,0,2
BRDA:211,36,0,0
BRF:37
BRH:28
end_of_record
TN:
SF:src/services/slices/userThunks.ts
FNF:0
FNH:0
DA:1,1
DA:2,1
DA:3,1
DA:4,1
DA:5,1
DA:6,1
DA:7,1
DA:8,1
DA:9,1
DA:10,1
DA:11,1
DA:12,1
DA:13,1
DA:14,1
DA:15,1
DA:16,1
DA:17,1
DA:18,1
DA:19,1
DA:20,1
DA:21,1
DA:22,1
DA:23,1
DA:24,0
DA:25,0
DA:26,0
DA:27,0
DA:28,0
DA:29,0
DA:30,1
DA:31,1
DA:32,1
DA:33,1
DA:34,1
DA:35,1
DA:36,1
DA:37,1
DA:38,1
DA:39,0
DA:40,0
DA:41,0
DA:42,0
DA:43,0
DA:44,1
DA:45,1
DA:46,1
DA:47,1
DA:48,1
DA:49,1
DA:50,0
DA:51,0
DA:52,0
DA:53,1
DA:54,1
DA:55,1
DA:56,1
DA:57,0
DA:58,0
DA:59,0
DA:60,1
DA:61,1
DA:62,1
DA:63,1
DA:64,1
DA:65,1
DA:66,1
DA:67,1
DA:68,1
DA:69,1
DA:70,1
DA:71,1
DA:72,1
DA:73,1
DA:74,1
DA:75,1
DA:76,1
DA:77,1
DA:78,1
DA:79,1
DA:80,1
DA:81,0
DA:82,0
DA:83,0
DA:84,0
DA:85,0
DA:86,0
DA:87,1
LF:87
LH:64
BRF:0
BRH:0
end_of_record
TN:
SF:src/utils/burger-api.ts
FN:6,checkResponse
FN:18,refreshToken
FN:38,fetchWithRefresh
FN:74,getIngredientsApi
FN:82,getFeedsApi
FN:90,getOrdersApi
FN:107,orderBurgerApi
FN:126,getOrderByNumberApi
FN:146,registerUserApi
FN:165,loginUserApi
FN:179,forgotPasswordApi
FN:193,resetPasswordApi
FN:209,getUserApi
FN:216,updateUserApi
FN:227,logoutApi
FNF:15
FNH:0
FNDA:0,checkResponse
FNDA:0,refreshToken
FNDA:0,fetchWithRefresh
FNDA:0,getIngredientsApi
FNDA:0,getFeedsApi
FNDA:0,getOrdersApi
FNDA:0,orderBurgerApi
FNDA:0,getOrderByNumberApi
FNDA:0,registerUserApi
FNDA:0,loginUserApi
FNDA:0,forgotPasswordApi
FNDA:0,resetPasswordApi
FNDA:0,getUserApi
FNDA:0,updateUserApi
FNDA:0,logoutApi
DA:1,1
DA:2,1
DA:3,1
DA:4,1
DA:5,1
DA:6,1
DA:7,0
DA:8,1
DA:9,1
DA:10,1
DA:11,1
DA:12,1
DA:13,1
DA:14,1
DA:15,1
DA:16,1
DA:17,1
DA:18,1
DA:19,0
DA:20,0
DA:21,0
DA:22,0
DA:23,0
DA:24,0
DA:25,0
DA:26,0
DA:27,0
DA:28,0
DA:29,0
DA:30,0
DA:31,0
DA:32,0
DA:33,0
DA:34,0
DA:35,0
DA:36,0
DA:37,1
DA:38,1
DA:39,0
DA:40,0
DA:41,0
DA:42,0
DA:43,0
DA:44,0
DA:45,0
DA:46,0
DA:47,0
DA:48,0
DA:49,0
DA:50,0
DA:51,0
DA:52,0
DA:53,0
DA:54,0
DA:55,0
DA:56,0
DA:57,0
DA:58,0
DA:59,1
DA:60,1
DA:61,1
DA:62,1
DA:63,1
DA:64,1
DA:65,1
DA:66,1
DA:67,1
DA:68,1
DA:69,1
DA:70,1
DA:71,1
DA:72,1
DA:73,1
DA:74,1
DA:75,0
DA:76,0
DA:77,0
DA:78,0
DA:79,0
DA:80,0
DA:81,1
DA:82,1
DA:83,0
DA:84,0
DA:85,0
DA:86,0
DA:87,0
DA:88,0
DA:89,1
DA:90,1
DA:91,0
DA:92,0
DA:93,0
DA:94,0
DA:95,0
DA:96,0
DA:97,0
DA:98,0
DA:99,0
DA:100,0
DA:101,1
DA:102,1
DA:103,1
DA:104,1
DA:105,1
DA:106,1
DA:107,1
DA:108,0
DA:109,0
DA:110,0
DA:111,0
DA:112,0
DA:113,0
DA:114,0
DA:115,0
DA:116,0
DA:117,0
DA:118,0
DA:119,0
DA:120,0
DA:121,1
DA:122,1
DA:123,1
DA:124,1
DA:125,1
DA:126,1
DA:127,0
DA:128,0
DA:129,0
DA:130,0
DA:131,0
DA:132,0
DA:133,1
DA:134,1
DA:135,1
DA:136,1
DA:137,1
DA:138,1
DA:139,1
DA:140,1
DA:141,1
DA:142,1
DA:143,1
DA:144,1
DA:145,1
DA:146,1
DA:147,0
DA:148,0
DA:149,0
DA:150,0
DA:151,0
DA:152,0
DA:153,0
DA:154,0
DA:155,0
DA:156,0
DA:157,0
DA:158,0
DA:159,1
DA:160,1
DA:161,1
DA:162,1
DA:163,1
DA:164,1
DA:165,1
DA:166,0
DA:167,0
DA:168,0
DA:169,0
DA:170,0
DA:171,0
DA:172,0
DA:173,0
DA:174,0
DA:175,0
DA:176,0
DA:177,0
DA:178,1
DA:179,1
DA:180,0
DA:181,0
DA:182,0
DA:183,0
DA:184,0
DA:185,0
DA:186,0
DA:187,0
DA:188,0
DA:189,0
DA:190,0
DA:191,0
DA:192,1
DA:193,1
DA:194,0
DA:195,0
DA:196,0
DA:197,0
DA:198,0
DA:199,0
DA:200,0
DA:201,0
DA:202,0
DA:203,0
DA:204,0
DA:205,0
DA:206,1
DA:207,1
DA:208,1
DA:209,1
DA:210,0
DA:211,0
DA:212,0
DA:213,0
DA:214,0
DA:215,1
DA:216,1
DA:217,0
DA:218,0
DA:219,0
DA:220,0
DA:221,0
DA:222,0
DA:223,0
DA:224,0
DA:225,1
DA:226,1
DA:227,1
DA:228,0
DA:229,0
DA:230,0
DA:231,0
DA:232,0
DA:233,0
DA:234,0
DA:235,0
DA:236,0
DA:237,0
DA:238,0
DA:239,0
DA:240,0
DA:241,0
DA:242,0
DA:243,0
DA:244,0
DA:245,0
DA:246,0
DA:247,0
DA:248,0
DA:249,0
DA:250,0
DA:251,0
DA:252,0
DA:253,0
DA:254,0
DA:255,0
DA:256,0
DA:257,0
DA:258,0
DA:259,0
DA:260,0
LF:260
LH:86
BRF:0
BRH:0
end_of_record
TN:
SF:src/utils/cookie.ts
FN:1,getCookie
FN:13,setCookie
FN:45,deleteCookie
FNF:3
FNH:0
FNDA:0,getCookie
FNDA:0,setCookie
FNDA:0,deleteCookie
DA:1,0
DA:2,0
DA:3,0
DA:4,0
DA:5,0
DA:6,0
DA:7,0
DA:8,0
DA:9,0
DA:10,0
DA:11,0
DA:12,1
DA:13,0
DA:14,0
DA:15,0
DA:16,0
DA:17,0
DA:18,0
DA:19,0
DA:20,0
DA:21,0
DA:22,0
DA:23,0
DA:24,0
DA:25,0
DA:26,0
DA:27,0
DA:28,0
DA:29,0
DA:30,0
DA:31,0
DA:32,0
DA:33,0
DA:34,0
DA:35,0
DA:36,0
DA:37,0
DA:38,0
DA:39,0
DA:40,0
DA:41,0
DA:42,0
DA:43,0
DA:44,1
DA:45,0
DA:46,0
DA:47,0
LF:47
LH:2
BRF:0
BRH:0
end_of_record
